Start create dataset!
total images num:  20
Create dataset done!
Loading pretrained resnet50 checkpoint
34 epoch: 1 step: 1 total_loss: 6.15324
45 epoch: 1 step: 2 total_loss: 5.23416
55 epoch: 1 step: 3 total_loss: 4.50944
65 epoch: 1 step: 4 total_loss: 3.32336
75 epoch: 1 step: 5 total_loss: 2.53950
83 epoch: 1 step: 6 total_loss: 1.86595
91 epoch: 1 step: 7 total_loss: 1.56896
99 epoch: 1 step: 8 total_loss: 2.61326
107 epoch: 1 step: 9 total_loss: 3.33662
117 epoch: 1 step: 10 total_loss: 1.61576
123 epoch: 1 step: 11 total_loss: 2.06557
130 epoch: 1 step: 12 total_loss: 1.26392
137 epoch: 1 step: 13 total_loss: 3.04875
144 epoch: 1 step: 14 total_loss: 1.84328
151 epoch: 1 step: 15 total_loss: 2.06479
157 epoch: 1 step: 16 total_loss: 1.66024
163 epoch: 1 step: 17 total_loss: 2.10941
169 epoch: 1 step: 18 total_loss: 1.33599
175 epoch: 1 step: 19 total_loss: 1.45812
182 epoch: 1 step: 20 total_loss: 2.41928
Train epoch time: 183565.068 ms, per step time: 9178.253 ms
189 epoch: 2 step: 1 total_loss: 2.19495
195 epoch: 2 step: 2 total_loss: 1.15770
200 epoch: 2 step: 3 total_loss: 1.14511
207 epoch: 2 step: 4 total_loss: 1.72270
212 epoch: 2 step: 5 total_loss: 2.19602
218 epoch: 2 step: 6 total_loss: 1.33702
224 epoch: 2 step: 7 total_loss: 1.12882
230 epoch: 2 step: 8 total_loss: 2.23911
236 epoch: 2 step: 9 total_loss: 2.08008
242 epoch: 2 step: 10 total_loss: 1.44927
248 epoch: 2 step: 11 total_loss: 1.64148
254 epoch: 2 step: 12 total_loss: 1.45454
259 epoch: 2 step: 13 total_loss: 1.42170
265 epoch: 2 step: 14 total_loss: 0.79834
271 epoch: 2 step: 15 total_loss: 2.74232
276 epoch: 2 step: 16 total_loss: 1.35489
282 epoch: 2 step: 17 total_loss: 1.29181
288 epoch: 2 step: 18 total_loss: 1.45132
294 epoch: 2 step: 19 total_loss: 1.58111
300 epoch: 2 step: 20 total_loss: 1.79636
Train epoch time: 118498.187 ms, per step time: 5924.909 ms
307 epoch: 3 step: 1 total_loss: 0.91649
314 epoch: 3 step: 2 total_loss: 1.07892
320 epoch: 3 step: 3 total_loss: 1.65451
326 epoch: 3 step: 4 total_loss: 2.56966
332 epoch: 3 step: 5 total_loss: 1.97662
338 epoch: 3 step: 6 total_loss: 1.11672
344 epoch: 3 step: 7 total_loss: 1.87368
349 epoch: 3 step: 8 total_loss: 2.50247
355 epoch: 3 step: 9 total_loss: 1.11067
361 epoch: 3 step: 10 total_loss: 1.84941
367 epoch: 3 step: 11 total_loss: 1.18003
373 epoch: 3 step: 12 total_loss: 1.52854
379 epoch: 3 step: 13 total_loss: 1.42427
385 epoch: 3 step: 14 total_loss: 1.46015
391 epoch: 3 step: 15 total_loss: 1.71849
397 epoch: 3 step: 16 total_loss: 1.22996
403 epoch: 3 step: 17 total_loss: 1.46064
409 epoch: 3 step: 18 total_loss: 2.56542
415 epoch: 3 step: 19 total_loss: 0.83866
420 epoch: 3 step: 20 total_loss: 2.27575
Train epoch time: 120455.718 ms, per step time: 6022.786 ms
428 epoch: 4 step: 1 total_loss: 1.46283
434 epoch: 4 step: 2 total_loss: 2.29452
439 epoch: 4 step: 3 total_loss: 1.44651
445 epoch: 4 step: 4 total_loss: 1.14814
452 epoch: 4 step: 5 total_loss: 1.61239
458 epoch: 4 step: 6 total_loss: 1.76834
463 epoch: 4 step: 7 total_loss: 2.31305
469 epoch: 4 step: 8 total_loss: 1.55288
475 epoch: 4 step: 9 total_loss: 1.81158
481 epoch: 4 step: 10 total_loss: 1.75791
487 epoch: 4 step: 11 total_loss: 1.12205
493 epoch: 4 step: 12 total_loss: 1.64265
499 epoch: 4 step: 13 total_loss: 1.02234
505 epoch: 4 step: 14 total_loss: 0.79237
510 epoch: 4 step: 15 total_loss: 1.33792
516 epoch: 4 step: 16 total_loss: 1.44973
522 epoch: 4 step: 17 total_loss: 2.02258
527 epoch: 4 step: 18 total_loss: 1.28342
533 epoch: 4 step: 19 total_loss: 3.32436
539 epoch: 4 step: 20 total_loss: 3.23327
Train epoch time: 118123.564 ms, per step time: 5906.178 ms
547 epoch: 5 step: 1 total_loss: 2.35315
552 epoch: 5 step: 2 total_loss: 2.76012
558 epoch: 5 step: 3 total_loss: 1.69485
564 epoch: 5 step: 4 total_loss: 1.57066
570 epoch: 5 step: 5 total_loss: 1.70308
576 epoch: 5 step: 6 total_loss: 1.23579
582 epoch: 5 step: 7 total_loss: 0.95132
588 epoch: 5 step: 8 total_loss: 1.87367
594 epoch: 5 step: 9 total_loss: 2.11715
600 epoch: 5 step: 10 total_loss: 1.66901
607 epoch: 5 step: 11 total_loss: 1.44929
613 epoch: 5 step: 12 total_loss: 0.91060
618 epoch: 5 step: 13 total_loss: 1.27972
624 epoch: 5 step: 14 total_loss: 1.21844
630 epoch: 5 step: 15 total_loss: 1.84078
635 epoch: 5 step: 16 total_loss: 1.75521
641 epoch: 5 step: 17 total_loss: 1.17806
646 epoch: 5 step: 18 total_loss: 1.84112
652 epoch: 5 step: 19 total_loss: 1.37264
658 epoch: 5 step: 20 total_loss: 2.26417
Train epoch time: 119271.211 ms, per step time: 5963.561 ms
665 epoch: 6 step: 1 total_loss: 1.79211
670 epoch: 6 step: 2 total_loss: 1.20403
676 epoch: 6 step: 3 total_loss: 0.84796
682 epoch: 6 step: 4 total_loss: 1.30660
687 epoch: 6 step: 5 total_loss: 2.50186
692 epoch: 6 step: 6 total_loss: 1.12924
698 epoch: 6 step: 7 total_loss: 2.36365
704 epoch: 6 step: 8 total_loss: 2.20413
710 epoch: 6 step: 9 total_loss: 1.36866
716 epoch: 6 step: 10 total_loss: 2.56760
721 epoch: 6 step: 11 total_loss: 1.39629
727 epoch: 6 step: 12 total_loss: 1.82229
733 epoch: 6 step: 13 total_loss: 2.51624
739 epoch: 6 step: 14 total_loss: 1.19405
744 epoch: 6 step: 15 total_loss: 2.69026
750 epoch: 6 step: 16 total_loss: 1.14132
755 epoch: 6 step: 17 total_loss: 1.67057
761 epoch: 6 step: 18 total_loss: 2.13336
767 epoch: 6 step: 19 total_loss: 1.48243
773 epoch: 6 step: 20 total_loss: 1.02913
Train epoch time: 114628.665 ms, per step time: 5731.433 ms
780 epoch: 7 step: 1 total_loss: 2.04805
786 epoch: 7 step: 2 total_loss: 1.33414
792 epoch: 7 step: 3 total_loss: 2.59712
797 epoch: 7 step: 4 total_loss: 2.40645
803 epoch: 7 step: 5 total_loss: 1.23118
809 epoch: 7 step: 6 total_loss: 2.36265
815 epoch: 7 step: 7 total_loss: 1.76722
820 epoch: 7 step: 8 total_loss: 1.73392
826 epoch: 7 step: 9 total_loss: 1.29192
832 epoch: 7 step: 10 total_loss: 1.55501
837 epoch: 7 step: 11 total_loss: 1.39170
843 epoch: 7 step: 12 total_loss: 1.02446
849 epoch: 7 step: 13 total_loss: 1.35613
854 epoch: 7 step: 14 total_loss: 0.86895
860 epoch: 7 step: 15 total_loss: 2.49888
866 epoch: 7 step: 16 total_loss: 1.54396
872 epoch: 7 step: 17 total_loss: 1.05554
877 epoch: 7 step: 18 total_loss: 1.65902
883 epoch: 7 step: 19 total_loss: 2.62976
889 epoch: 7 step: 20 total_loss: 2.75189
Train epoch time: 116209.896 ms, per step time: 5810.495 ms
